2019-09-18 18:58:28 ERROR ActionsXmlParser:96 - ID presented in both XML and property files: EditorScrollToCenter
2019-09-18 18:58:28 ERROR ActionsXmlParser:96 - ID presented in both XML and property files: CallHierarchy
2019-09-18 18:58:28 INFO  ActionsXmlParser:118 - Total matches for Xcode: 162 of 199
2019-09-18 18:58:28 ERROR ActionsXmlParser:96 - ID presented in both XML and property files: $Copy
2019-09-18 18:58:28 ERROR ActionsXmlParser:96 - ID presented in both XML and property files: TypeHierarchy
2019-09-18 18:58:28 ERROR ActionsXmlParser:96 - ID presented in both XML and property files: Refresh
2019-09-18 18:58:28 INFO  ActionsXmlParser:118 - Total matches for Visual Studio: 60 of 67
2019-09-18 18:58:28 INFO  ActionsXmlParser:118 - Total matches for Default for GNOME: 13 of 14
2019-09-18 18:58:28 INFO  ActionsXmlParser:118 - Total matches for ReSharper: 28 of 30
2019-09-18 18:58:29 INFO  ActionsXmlParser:118 - Total matches for Default for XWin: 7 of 9
2019-09-18 18:58:29 ERROR ActionsXmlParser:96 - ID presented in both XML and property files: TypeHierarchy
2019-09-18 18:58:29 ERROR ActionsXmlParser:96 - ID presented in both XML and property files: CallHierarchy
2019-09-18 18:58:29 ERROR ActionsXmlParser:96 - ID presented in both XML and property files: Refresh
2019-09-18 18:58:29 ERROR ActionsXmlParser:96 - ID presented in both XML and property files: EditSource
2019-09-18 18:58:29 ERROR ActionsXmlParser:96 - ID presented in both XML and property files: EditorScrollToCenter
2019-09-18 18:58:29 INFO  ActionsXmlParser:118 - Total matches for Mac OS X 10.5+: 167 of 205
2019-09-18 18:58:29 ERROR ActionsXmlParser:96 - ID presented in both XML and property files: TypeHierarchy
2019-09-18 18:58:29 ERROR ActionsXmlParser:96 - ID presented in both XML and property files: MethodHierarchy
2019-09-18 18:58:29 ERROR ActionsXmlParser:96 - ID presented in both XML and property files: EditorScrollToCenter
2019-09-18 18:58:29 ERROR ActionsXmlParser:96 - ID presented in both XML and property files: EditSource
2019-09-18 18:58:29 INFO  ActionsXmlParser:118 - Total matches for Sublime Text (Mac OS X): 114 of 128
2019-09-18 18:58:29 ERROR ActionsXmlParser:96 - ID presented in both XML and property files: EditSource
2019-09-18 18:58:29 ERROR ActionsXmlParser:96 - ID presented in both XML and property files: Refresh
2019-09-18 18:58:29 ERROR ActionsXmlParser:96 - ID presented in both XML and property files: TypeHierarchy
2019-09-18 18:58:29 INFO  ActionsXmlParser:118 - Total matches for Eclipse (Mac OS X): 142 of 156
2019-09-18 18:58:30 ERROR ActionsXmlParser:96 - ID presented in both XML and property files: $Copy
2019-09-18 18:58:30 ERROR ActionsXmlParser:96 - ID presented in both XML and property files: EditorScrollToCenter
2019-09-18 18:58:30 INFO  ActionsXmlParser:118 - Total matches for Emacs: 100 of 104
2019-09-18 18:58:30 ERROR ActionsXmlParser:96 - ID presented in both XML and property files: Refresh
2019-09-18 18:58:30 INFO  ActionsXmlParser:118 - Total matches for Default for KDE: 45 of 46
2019-09-18 18:58:30 ERROR ActionsXmlParser:96 - ID presented in both XML and property files: TypeHierarchy
2019-09-18 18:58:30 ERROR ActionsXmlParser:96 - ID presented in both XML and property files: MethodHierarchy
2019-09-18 18:58:30 ERROR ActionsXmlParser:96 - ID presented in both XML and property files: EditorScrollToCenter
2019-09-18 18:58:30 INFO  ActionsXmlParser:118 - Total matches for Sublime Text: 110 of 118
2019-09-18 18:58:30 ERROR ActionsXmlParser:96 - ID presented in both XML and property files: MethodHierarchy
2019-09-18 18:58:30 ERROR ActionsXmlParser:96 - ID presented in both XML and property files: $Copy
2019-09-18 18:58:30 ERROR ActionsXmlParser:96 - ID presented in both XML and property files: CallHierarchy
2019-09-18 18:58:30 ERROR ActionsXmlParser:96 - ID presented in both XML and property files: EditorScrollToCenter
2019-09-18 18:58:30 ERROR ActionsXmlParser:96 - ID presented in both XML and property files: EditSource
2019-09-18 18:58:31 ERROR ActionsXmlParser:96 - ID presented in both XML and property files: TypeHierarchy
2019-09-18 18:58:31 ERROR ActionsXmlParser:96 - ID presented in both XML and property files: Refresh
2019-09-18 18:58:31 INFO  ActionsXmlParser:118 - Total matches for $default: 336 of 383
2019-09-18 18:58:31 ERROR ActionsXmlParser:96 - ID presented in both XML and property files: TypeHierarchy
2019-09-18 18:58:31 ERROR ActionsXmlParser:96 - ID presented in both XML and property files: CallHierarchy
2019-09-18 18:58:31 ERROR ActionsXmlParser:96 - ID presented in both XML and property files: Refresh
2019-09-18 18:58:31 ERROR ActionsXmlParser:96 - ID presented in both XML and property files: EditorScrollToCenter
2019-09-18 18:58:31 INFO  ActionsXmlParser:118 - Total matches for Mac OS X: 118 of 148
2019-09-18 18:58:31 ERROR ActionsXmlParser:96 - ID presented in both XML and property files: EditSource
2019-09-18 18:58:31 ERROR ActionsXmlParser:96 - ID presented in both XML and property files: Refresh
2019-09-18 18:58:31 ERROR ActionsXmlParser:96 - ID presented in both XML and property files: TypeHierarchy
2019-09-18 18:58:31 INFO  ActionsXmlParser:118 - Total matches for Eclipse: 136 of 146
2019-09-18 18:58:32 ERROR ActionsXmlParser:96 - ID presented in both XML and property files: EditorScrollToCenter
2019-09-18 18:58:32 ERROR ActionsXmlParser:96 - ID presented in both XML and property files: MethodHierarchy
2019-09-18 18:58:32 ERROR ActionsXmlParser:96 - ID presented in both XML and property files: Refresh
2019-09-18 18:58:32 ERROR ActionsXmlParser:96 - ID presented in both XML and property files: TypeHierarchy
2019-09-18 18:58:32 INFO  ActionsXmlParser:118 - Total matches for NetBeans 6.5: 146 of 162
2019-09-18 18:58:32 ERROR ActionsXmlParser:96 - ID presented in both XML and property files: TypeHierarchy
2019-09-18 18:58:32 INFO  ActionsXmlParser:118 - Total matches for ReSharper OSX: 57 of 68
